<?xml version="1.0" encoding="UTF-8"?>
<testsuite xmlns:xsi="http://www.w3.org/2001/XMLSchema-instance" xsi:noNamespaceSchemaLocation="https://maven.apache.org/surefire/maven-surefire-plugin/xsd/surefire-test-report-3.0.xsd" version="3.0" name="com.mycompany.portal.service.ApplicationTest" time="3.781" tests="2" errors="0" skipped="0" failures="0">
  <properties>
[...]
</properties>
  <testcase name="shouldRespondWithHelloMessage" classname="com.mycompany.portal.service.ApplicationTest" time="0.344">
    <system-out><![CDATA[22:51:40.164 [main] DEBUG org.springframework.boot.test.context.SpringBootTestContextBootstrapper - Neither @ContextConfiguration nor @ContextHierarchy found for test class [ApplicationTest]: using SpringBootContextLoader
22:51:40.167 [main] DEBUG org.springframework.test.context.support.AbstractContextLoader - Could not detect default resource locations for test class [com.mycompany.portal.service.ApplicationTest]: no resource found for suffixes {-context.xml, Context.groovy}.
22:51:40.168 [main] INFO org.springframework.test.context.support.AnnotationConfigContextLoaderUtils - Could not detect default configuration classes for test class [com.mycompany.portal.service.ApplicationTest]: ApplicationTest does not declare any static, non-private, non-final, nested classes annotated with @Configuration.
22:51:40.193 [main] DEBUG org.springframework.boot.test.context.SpringBootTestContextBootstrapper - Using ContextCustomizers for test class [ApplicationTest]: [ExcludeFilterContextCustomizer, DuplicateJsonObjectContextCustomizer, MockitoContextCustomizer, TestRestTemplateContextCustomizer, DisableObservabilityContextCustomizer, PropertyMappingContextCustomizer, Customizer]
22:51:40.256 [main] DEBUG org.springframework.context.annotation.ClassPathScanningCandidateComponentProvider - Identified candidate component class: file [C:\Users\Yuvraj\Documents\NetBeansProjects\portal-service\target\classes\com\mycompany\portal\service\PortalServiceApplication.class]
22:51:40.258 [main] INFO org.springframework.boot.test.context.SpringBootTestContextBootstrapper - Found @SpringBootConfiguration com.mycompany.portal.service.PortalServiceApplication for test class com.mycompany.portal.service.ApplicationTest
22:51:40.346 [main] DEBUG org.springframework.test.context.util.TestContextSpringFactoriesUtils - Skipping candidate TestExecutionListener [org.springframework.test.context.transaction.TransactionalTestExecutionListener] due to a missing dependency. Specify custom TestExecutionListener classes or make the default TestExecutionListener classes and their required dependencies available. Offending class: [org/springframework/transaction/interceptor/TransactionAttributeSource]
22:51:40.347 [main] DEBUG org.springframework.test.context.util.TestContextSpringFactoriesUtils - Skipping candidate TestExecutionListener [org.springframework.test.context.jdbc.SqlScriptsTestExecutionListener] due to a missing dependency. Specify custom TestExecutionListener classes or make the default TestExecutionListener classes and their required dependencies available. Offending class: [org/springframework/transaction/interceptor/TransactionAttribute]
22:51:40.349 [main] DEBUG org.springframework.boot.test.context.SpringBootTestContextBootstrapper - Using TestExecutionListeners for test class [ApplicationTest]: [ServletTestExecutionListener, DirtiesContextBeforeModesTestExecutionListener, ApplicationEventsTestExecutionListener, MockitoTestExecutionListener, DependencyInjectionTestExecutionListener, DirtiesContextTestExecutionListener, EventPublishingTestExecutionListener, ResetMocksTestExecutionListener, RestDocsTestExecutionListener, MockRestServiceServerResetTestExecutionListener, MockMvcPrintOnlyOnFailureTestExecutionListener, WebDriverTestExecutionListener, MockWebServiceServerTestExecutionListener]
22:51:40.350 [main] DEBUG org.springframework.test.context.support.AbstractDirtiesContextTestExecutionListener - Before test class: class [ApplicationTest], class annotated with @DirtiesContext [false] with mode [null]
22:51:40.360 [main] DEBUG org.springframework.test.context.support.DependencyInjectionTestExecutionListener - Performing dependency injection for test class com.mycompany.portal.service.ApplicationTest

  .   ____          _            __ _ _
 /\\ / ___'_ __ _ _(_)_ __  __ _ \ \ \ \
( ( )\___ | '_ | '_| | '_ \/ _` | \ \ \ \
 \\/  ___)| |_)| | | | | || (_| |  ) ) ) )
  '  |____| .__|_| |_|_| |_\__, | / / / /
 =========|_|==============|___/=/_/_/_/
 :: Spring Boot ::                (v3.0.2)

2026-01-31T22:51:40.585+05:30  INFO 79556 --- [           main] c.m.portal.service.ApplicationTest       : Starting ApplicationTest using Java 25.0.1 with PID 79556 (started by Yuvraj in C:\Users\Yuvraj\Documents\NetBeansProjects\portal-service)
2026-01-31T22:51:40.586+05:30  INFO 79556 --- [           main] c.m.portal.service.ApplicationTest       : No active profile set, falling back to 1 default profile: "default"
2026-01-31T22:51:41.974+05:30  INFO 79556 --- [           main] o.s.b.w.embedded.tomcat.TomcatWebServer  : Tomcat initialized with port(s): 0 (http)
2026-01-31T22:51:41.982+05:30  INFO 79556 --- [           main] o.apache.catalina.core.StandardService   : Starting service [Tomcat]
2026-01-31T22:51:41.983+05:30  INFO 79556 --- [           main] o.apache.catalina.core.StandardEngine    : Starting Servlet engine: [Apache Tomcat/10.1.5]
2026-01-31T22:51:42.057+05:30  INFO 79556 --- [           main] o.a.c.c.C.[Tomcat].[localhost].[/]       : Initializing Spring embedded WebApplicationContext
2026-01-31T22:51:42.058+05:30  INFO 79556 --- [           main] w.s.c.ServletWebServerApplicationContext : Root WebApplicationContext: initialization completed in 1453 ms
2026-01-31T22:51:43.316+05:30  INFO 79556 --- [           main] o.s.b.a.e.web.EndpointLinksResolver      : Exposing 1 endpoint(s) beneath base path '/actuator'
2026-01-31T22:51:43.387+05:30  INFO 79556 --- [           main] o.s.b.w.embedded.tomcat.TomcatWebServer  : Tomcat started on port(s): 64979 (http) with context path ''
2026-01-31T22:51:43.398+05:30  INFO 79556 --- [           main] c.m.portal.service.ApplicationTest       : Started ApplicationTest in 3.017 seconds (process running for 3.774)
2026-01-31T22:51:43.740+05:30  INFO 79556 --- [o-auto-1-exec-2] o.a.c.c.C.[Tomcat].[localhost].[/]       : Initializing Spring DispatcherServlet 'dispatcherServlet'
2026-01-31T22:51:43.741+05:30  INFO 79556 --- [o-auto-1-exec-2] o.s.web.servlet.DispatcherServlet        : Initializing Servlet 'dispatcherServlet'
2026-01-31T22:51:43.742+05:30  INFO 79556 --- [o-auto-1-exec-2] o.s.web.servlet.DispatcherServlet        : Completed initialization in 1 ms
]]></system-out>
  </testcase>
  <testcase name="contextLoads" classname="com.mycompany.portal.service.ApplicationTest" time="0.003"/>
</testsuite>